# JRE version: OpenJDK Runtime Environment (8.0_212-b04) (build 1.8.0_212-release-1586-b04)
# Java VM: OpenJDK 64-Bit Server VM (25.212-b04 mixed mode windows-amd64 compressed oops)
Heap:
 PSYoungGen      total 247296K, used 66085K [0x00000000e0000000, 0x00000000f4a80000, 0x0000000100000000)
  eden space 218112K, 17% used [0x00000000e0000000,0x00000000e25d44a0,0x00000000ed500000)
  from space 29184K, 93% used [0x00000000ed500000,0x00000000eefb5068,0x00000000ef180000)
  to   space 33280K, 0% used [0x00000000f2a00000,0x00000000f2a00000,0x00000000f4a80000)
 ParOldGen       total 89600K, used 59627K [0x00000000a0000000, 0x00000000a5780000, 0x00000000e0000000)
  object space 89600K, 66% used [0x00000000a0000000,0x00000000a3a3aff0,0x00000000a5780000)
 Metaspace       used 74492K, capacity 77058K, committed 77272K, reserved 1116160K
  class space    used 9762K, capacity 10349K, committed 10456K, reserved 1048576K
GC Heap History (10 events):
Event: 98.880 GC heap before
{Heap before GC invocations=14 (full 2):
 PSYoungGen      total 164352K, used 137040K [0x00000000e0000000, 0x00000000eda00000, 0x0000000100000000)
  eden space 151552K, 81% used [0x00000000e0000000,0x00000000e7955438,0x00000000e9400000)
  from space 12800K, 99% used [0x00000000e9400000,0x00000000ea07edb0,0x00000000ea080000)
  to   space 16896K, 0% used [0x00000000ec980000,0x00000000ec980000,0x00000000eda00000)
 ParOldGen       total 55808K, used 23487K [0x00000000a0000000, 0x00000000a3680000, 0x00000000e0000000)
  object space 55808K, 42% used [0x00000000a0000000,0x00000000a16efea0,0x00000000a3680000)
 Metaspace       used 57157K, capacity 59014K, committed 59096K, reserved 1099776K
  class space    used 7614K, capacity 8099K, committed 8152K, reserved 1048576K
Event: 98.931 GC heap after
Heap after GC invocations=14 (full 2):
 PSYoungGen      total 198656K, used 14707K [0x00000000e0000000, 0x00000000ed800000, 0x0000000100000000)
  eden space 183808K, 0% used [0x00000000e0000000,0x00000000e0000000,0x00000000eb380000)
  from space 14848K, 99% used [0x00000000ec980000,0x00000000ed7dcd38,0x00000000ed800000)
  to   space 18432K, 0% used [0x00000000eb400000,0x00000000eb400000,0x00000000ec600000)
 ParOldGen       total 55808K, used 32939K [0x00000000a0000000, 0x00000000a3680000, 0x00000000e0000000)
  object space 55808K, 59% used [0x00000000a0000000,0x00000000a202acc8,0x00000000a3680000)
 Metaspace       used 57157K, capacity 59014K, committed 59096K, reserved 1099776K
  class space    used 7614K, capacity 8099K, committed 8152K, reserved 1048576K
}
Event: 98.931 GC heap before
{Heap before GC invocations=15 (full 3):
 PSYoungGen      total 198656K, used 14707K [0x00000000e0000000, 0x00000000ed800000, 0x0000000100000000)
  eden space 183808K, 0% used [0x00000000e0000000,0x00000000e0000000,0x00000000eb380000)
  from space 14848K, 99% used [0x00000000ec980000,0x00000000ed7dcd38,0x00000000ed800000)
  to   space 18432K, 0% used [0x00000000eb400000,0x00000000eb400000,0x00000000ec600000)
 ParOldGen       total 55808K, used 32939K [0x00000000a0000000, 0x00000000a3680000, 0x00000000e0000000)
  object space 55808K, 59% used [0x00000000a0000000,0x00000000a202acc8,0x00000000a3680000)
 Metaspace       used 57157K, capacity 59014K, committed 59096K, reserved 1099776K
  class space    used 7614K, capacity 8099K, committed 8152K, reserved 1048576K
Event: 99.349 GC heap after
Heap after GC invocations=15 (full 3):
 PSYoungGen      total 198656K, used 0K [0x00000000e0000000, 0x00000000ed800000, 0x0000000100000000)
  eden space 183808K, 0% used [0x00000000e0000000,0x00000000e0000000,0x00000000eb380000)
  from space 14848K, 0% used [0x00000000ec980000,0x00000000ec980000,0x00000000ed800000)
  to   space 18432K, 0% used [0x00000000eb400000,0x00000000eb400000,0x00000000ec600000)
 ParOldGen       total 89600K, used 36427K [0x00000000a0000000, 0x00000000a5780000, 0x00000000e0000000)
  object space 89600K, 40% used [0x00000000a0000000,0x00000000a2392d58,0x00000000a5780000)
 Metaspace       used 57157K, capacity 59014K, committed 59096K, reserved 1099776K
  class space    used 7614K, capacity 8099K, committed 8152K, reserved 1048576K
}
Event: 106.621 GC heap before
{Heap before GC invocations=16 (full 3):
 PSYoungGen      total 198656K, used 183808K [0x00000000e0000000, 0x00000000ed800000, 0x0000000100000000)
  eden space 183808K, 100% used [0x00000000e0000000,0x00000000eb380000,0x00000000eb380000)
  from space 14848K, 0% used [0x00000000ec980000,0x00000000ec980000,0x00000000ed800000)
  to   space 18432K, 0% used [0x00000000eb400000,0x00000000eb400000,0x00000000ec600000)
 ParOldGen       total 89600K, used 36427K [0x00000000a0000000, 0x00000000a5780000, 0x00000000e0000000)
  object space 89600K, 40% used [0x00000000a0000000,0x00000000a2392d58,0x00000000a5780000)
 Metaspace       used 63674K, capacity 66050K, committed 66264K, reserved 1105920K
  class space    used 8545K, capacity 9073K, committed 9176K, reserved 1048576K
Event: 106.660 GC heap after
Heap after GC invocations=16 (full 3):
 PSYoungGen      total 202752K, used 16985K [0x00000000e0000000, 0x00000000f0600000, 0x0000000100000000)
  eden space 184320K, 0% used [0x00000000e0000000,0x00000000e0000000,0x00000000eb400000)
  from space 18432K, 92% used [0x00000000eb400000,0x00000000ec4965b8,0x00000000ec600000)
  to   space 20992K, 0% used [0x00000000ef180000,0x00000000ef180000,0x00000000f0600000)
 ParOldGen       total 89600K, used 36435K [0x00000000a0000000, 0x00000000a5780000, 0x00000000e0000000)
  object space 89600K, 40% used [0x00000000a0000000,0x00000000a2394d58,0x00000000a5780000)
 Metaspace       used 63674K, capacity 66050K, committed 66264K, reserved 1105920K
  class space    used 8545K, capacity 9073K, committed 9176K, reserved 1048576K
}
Event: 114.841 GC heap before
{Heap before GC invocations=17 (full 3):
 PSYoungGen      total 202752K, used 201305K [0x00000000e0000000, 0x00000000f0600000, 0x0000000100000000)
  eden space 184320K, 100% used [0x00000000e0000000,0x00000000eb400000,0x00000000eb400000)
  from space 18432K, 92% used [0x00000000eb400000,0x00000000ec4965b8,0x00000000ec600000)
  to   space 20992K, 0% used [0x00000000ef180000,0x00000000ef180000,0x00000000f0600000)
 ParOldGen       total 89600K, used 36435K [0x00000000a0000000, 0x00000000a5780000, 0x00000000e0000000)
  object space 89600K, 40% used [0x00000000a0000000,0x00000000a2394d58,0x00000000a5780000)
 Metaspace       used 65668K, capacity 68114K, committed 68184K, reserved 1107968K
  class space    used 8712K, capacity 9257K, committed 9304K, reserved 1048576K
Event: 114.997 GC heap after
Heap after GC invocations=17 (full 3):
 PSYoungGen      total 239104K, used 20989K [0x00000000e0000000, 0x00000000f1f00000, 0x0000000100000000)
  eden space 218112K, 0% used [0x00000000e0000000,0x00000000e0000000,0x00000000ed500000)
  from space 20992K, 99% used [0x00000000ef180000,0x00000000f05ff638,0x00000000f0600000)
  to   space 29184K, 0% used [0x00000000ed500000,0x00000000ed500000,0x00000000ef180000)
 ParOldGen       total 89600K, used 49654K [0x00000000a0000000, 0x00000000a5780000, 0x00000000e0000000)
  object space 89600K, 55% used [0x00000000a0000000,0x00000000a307d8c0,0x00000000a5780000)
 Metaspace       used 65668K, capacity 68114K, committed 68184K, reserved 1107968K
  class space    used 8712K, capacity 9257K, committed 9304K, reserved 1048576K
}
Event: 149.675 GC heap before
{Heap before GC invocations=18 (full 3):
 PSYoungGen      total 239104K, used 239101K [0x00000000e0000000, 0x00000000f1f00000, 0x0000000100000000)
  eden space 218112K, 100% used [0x00000000e0000000,0x00000000ed500000,0x00000000ed500000)
  from space 20992K, 99% used [0x00000000ef180000,0x00000000f05ff638,0x00000000f0600000)
  to   space 29184K, 0% used [0x00000000ed500000,0x00000000ed500000,0x00000000ef180000)
 ParOldGen       total 89600K, used 49654K [0x00000000a0000000, 0x00000000a5780000, 0x00000000e0000000)
  object space 89600K, 55% used [0x00000000a0000000,0x00000000a307d8c0,0x00000000a5780000)
 Metaspace       used 70504K, capacity 73086K, committed 73176K, reserved 1112064K
  class space    used 9247K, capacity 9859K, committed 9944K, reserved 1048576K
Event: 149.771 GC heap after
Heap after GC invocations=18 (full 3):
 PSYoungGen      total 247296K, used 27348K [0x00000000e0000000, 0x00000000f4a80000, 0x0000000100000000)
  eden space 218112K, 0% used [0x00000000e0000000,0x00000000e0000000,0x00000000ed500000)
  from space 29184K, 93% used [0x00000000ed500000,0x00000000eefb5068,0x00000000ef180000)
  to   space 33280K, 0% used [0x00000000f2a00000,0x00000000f2a00000,0x00000000f4a80000)
 ParOldGen       total 89600K, used 59627K [0x00000000a0000000, 0x00000000a5780000, 0x00000000e0000000)
  object space 89600K, 66% used [0x00000000a0000000,0x00000000a3a3aff0,0x00000000a5780000)
 Metaspace       used 70504K, capacity 73086K, committed 73176K, reserved 1112064K
  class space    used 9247K, capacity 9859K, committed 9944K, reserved 1048576K
}

