# JRE version: OpenJDK Runtime Environment (8.0_212-b04) (build 1.8.0_212-release-1586-b04)
# Java VM: OpenJDK 64-Bit Server VM (25.212-b04 mixed mode windows-amd64 compressed oops)
Heap:
 PSYoungGen      total 296960K, used 247733K [0x00000000e0000000, 0x00000000f6e00000, 0x0000000100000000)
  eden space 259072K, 81% used [0x00000000e0000000,0x00000000ecd6b3b8,0x00000000efd00000)
  from space 37888K, 98% used [0x00000000f0700000,0x00000000f2b82370,0x00000000f2c00000)
  to   space 57856K, 0% used [0x00000000f3580000,0x00000000f3580000,0x00000000f6e00000)
 ParOldGen       total 201216K, used 107219K [0x00000000a0000000, 0x00000000ac480000, 0x00000000e0000000)
  object space 201216K, 53% used [0x00000000a0000000,0x00000000a68b4ca8,0x00000000ac480000)
 Metaspace       used 91053K, capacity 95102K, committed 95232K, reserved 1132544K
  class space    used 11759K, capacity 12539K, committed 12544K, reserved 1048576K
GC Heap History (10 events):
Event: 141.187 GC heap before
{Heap before GC invocations=21 (full 4):
 PSYoungGen      total 259584K, used 233322K [0x00000000e0000000, 0x00000000f4000000, 0x0000000100000000)
  eden space 224256K, 100% used [0x00000000e0000000,0x00000000edb00000,0x00000000edb00000)
  from space 35328K, 25% used [0x00000000f1d80000,0x00000000f265ab28,0x00000000f4000000)
  to   space 51712K, 0% used [0x00000000edb00000,0x00000000edb00000,0x00000000f0d80000)
 ParOldGen       total 201216K, used 107171K [0x00000000a0000000, 0x00000000ac480000, 0x00000000e0000000)
  object space 201216K, 53% used [0x00000000a0000000,0x00000000a68a8ca8,0x00000000ac480000)
 Metaspace       used 79211K, capacity 82102K, committed 82432K, reserved 1120256K
  class space    used 10590K, capacity 11177K, committed 11264K, reserved 1048576K
Event: 141.267 GC heap after
Heap after GC invocations=21 (full 4):
 PSYoungGen      total 275968K, used 30051K [0x00000000e0000000, 0x00000000f5d80000, 0x0000000100000000)
  eden space 224256K, 0% used [0x00000000e0000000,0x00000000e0000000,0x00000000edb00000)
  from space 51712K, 58% used [0x00000000edb00000,0x00000000ef858de8,0x00000000f0d80000)
  to   space 52736K, 0% used [0x00000000f2a00000,0x00000000f2a00000,0x00000000f5d80000)
 ParOldGen       total 201216K, used 107187K [0x00000000a0000000, 0x00000000ac480000, 0x00000000e0000000)
  object space 201216K, 53% used [0x00000000a0000000,0x00000000a68acca8,0x00000000ac480000)
 Metaspace       used 79211K, capacity 82102K, committed 82432K, reserved 1120256K
  class space    used 10590K, capacity 11177K, committed 11264K, reserved 1048576K
}
Event: 154.425 GC heap before
{Heap before GC invocations=22 (full 4):
 PSYoungGen      total 275968K, used 254307K [0x00000000e0000000, 0x00000000f5d80000, 0x0000000100000000)
  eden space 224256K, 100% used [0x00000000e0000000,0x00000000edb00000,0x00000000edb00000)
  from space 51712K, 58% used [0x00000000edb00000,0x00000000ef858de8,0x00000000f0d80000)
  to   space 52736K, 0% used [0x00000000f2a00000,0x00000000f2a00000,0x00000000f5d80000)
 ParOldGen       total 201216K, used 107187K [0x00000000a0000000, 0x00000000ac480000, 0x00000000e0000000)
  object space 201216K, 53% used [0x00000000a0000000,0x00000000a68acca8,0x00000000ac480000)
 Metaspace       used 85478K, capacity 88928K, committed 89216K, reserved 1126400K
  class space    used 11381K, capacity 12038K, committed 12160K, reserved 1048576K
Event: 154.506 GC heap after
Heap after GC invocations=22 (full 4):
 PSYoungGen      total 299008K, used 26089K [0x00000000e0000000, 0x00000000f5a00000, 0x0000000100000000)
  eden space 249856K, 0% used [0x00000000e0000000,0x00000000e0000000,0x00000000ef400000)
  from space 49152K, 53% used [0x00000000f2a00000,0x00000000f437a618,0x00000000f5a00000)
  to   space 52224K, 0% used [0x00000000ef400000,0x00000000ef400000,0x00000000f2700000)
 ParOldGen       total 201216K, used 107195K [0x00000000a0000000, 0x00000000ac480000, 0x00000000e0000000)
  object space 201216K, 53% used [0x00000000a0000000,0x00000000a68aeca8,0x00000000ac480000)
 Metaspace       used 85478K, capacity 88928K, committed 89216K, reserved 1126400K
  class space    used 11381K, capacity 12038K, committed 12160K, reserved 1048576K
}
Event: 1012.224 GC heap before
{Heap before GC invocations=23 (full 4):
 PSYoungGen      total 299008K, used 275945K [0x00000000e0000000, 0x00000000f5a00000, 0x0000000100000000)
  eden space 249856K, 100% used [0x00000000e0000000,0x00000000ef400000,0x00000000ef400000)
  from space 49152K, 53% used [0x00000000f2a00000,0x00000000f437a618,0x00000000f5a00000)
  to   space 52224K, 0% used [0x00000000ef400000,0x00000000ef400000,0x00000000f2700000)
 ParOldGen       total 201216K, used 107195K [0x00000000a0000000, 0x00000000ac480000, 0x00000000e0000000)
  object space 201216K, 53% used [0x00000000a0000000,0x00000000a68aeca8,0x00000000ac480000)
 Metaspace       used 89761K, capacity 93482K, committed 93696K, reserved 1130496K
  class space    used 11686K, capacity 12421K, committed 12544K, reserved 1048576K
Event: 1013.109 GC heap after
Heap after GC invocations=23 (full 4):
 PSYoungGen      total 302080K, used 31305K [0x00000000e0000000, 0x00000000f7300000, 0x0000000100000000)
  eden space 249856K, 0% used [0x00000000e0000000,0x00000000e0000000,0x00000000ef400000)
  from space 52224K, 59% used [0x00000000ef400000,0x00000000f12925a8,0x00000000f2700000)
  to   space 53248K, 0% used [0x00000000f3f00000,0x00000000f3f00000,0x00000000f7300000)
 ParOldGen       total 201216K, used 107203K [0x00000000a0000000, 0x00000000ac480000, 0x00000000e0000000)
  object space 201216K, 53% used [0x00000000a0000000,0x00000000a68b0ca8,0x00000000ac480000)
 Metaspace       used 89761K, capacity 93482K, committed 93696K, reserved 1130496K
  class space    used 11686K, capacity 12421K, committed 12544K, reserved 1048576K
}
Event: 1139.219 GC heap before
{Heap before GC invocations=24 (full 4):
 PSYoungGen      total 302080K, used 281161K [0x00000000e0000000, 0x00000000f7300000, 0x0000000100000000)
  eden space 249856K, 100% used [0x00000000e0000000,0x00000000ef400000,0x00000000ef400000)
  from space 52224K, 59% used [0x00000000ef400000,0x00000000f12925a8,0x00000000f2700000)
  to   space 53248K, 0% used [0x00000000f3f00000,0x00000000f3f00000,0x00000000f7300000)
 ParOldGen       total 201216K, used 107203K [0x00000000a0000000, 0x00000000ac480000, 0x00000000e0000000)
  object space 201216K, 53% used [0x00000000a0000000,0x00000000a68b0ca8,0x00000000ac480000)
 Metaspace       used 90393K, capacity 94244K, committed 94464K, reserved 1130496K
  class space    used 11718K, capacity 12462K, committed 12544K, reserved 1048576K
Event: 1139.327 GC heap after
Heap after GC invocations=24 (full 4):
 PSYoungGen      total 322560K, used 35250K [0x00000000e0000000, 0x00000000f7300000, 0x0000000100000000)
  eden space 269312K, 0% used [0x00000000e0000000,0x00000000e0000000,0x00000000f0700000)
  from space 53248K, 66% used [0x00000000f3f00000,0x00000000f616cb40,0x00000000f7300000)
  to   space 55296K, 0% used [0x00000000f0700000,0x00000000f0700000,0x00000000f3d00000)
 ParOldGen       total 201216K, used 107211K [0x00000000a0000000, 0x00000000ac480000, 0x00000000e0000000)
  object space 201216K, 53% used [0x00000000a0000000,0x00000000a68b2ca8,0x00000000ac480000)
 Metaspace       used 90393K, capacity 94244K, committed 94464K, reserved 1130496K
  class space    used 11718K, capacity 12462K, committed 12544K, reserved 1048576K
}
Event: 1689.747 GC heap before
{Heap before GC invocations=25 (full 4):
 PSYoungGen      total 322560K, used 304562K [0x00000000e0000000, 0x00000000f7300000, 0x0000000100000000)
  eden space 269312K, 100% used [0x00000000e0000000,0x00000000f0700000,0x00000000f0700000)
  from space 53248K, 66% used [0x00000000f3f00000,0x00000000f616cb40,0x00000000f7300000)
  to   space 55296K, 0% used [0x00000000f0700000,0x00000000f0700000,0x00000000f3d00000)
 ParOldGen       total 201216K, used 107211K [0x00000000a0000000, 0x00000000ac480000, 0x00000000e0000000)
  object space 201216K, 53% used [0x00000000a0000000,0x00000000a68b2ca8,0x00000000ac480000)
 Metaspace       used 90857K, capacity 94962K, committed 95232K, reserved 1132544K
  class space    used 11753K, capacity 12527K, committed 12544K, reserved 1048576K
Event: 1691.777 GC heap after
Heap after GC invocations=25 (full 4):
 PSYoungGen      total 296960K, used 37384K [0x00000000e0000000, 0x00000000f6e00000, 0x0000000100000000)
  eden space 259072K, 0% used [0x00000000e0000000,0x00000000e0000000,0x00000000efd00000)
  from space 37888K, 98% used [0x00000000f0700000,0x00000000f2b82370,0x00000000f2c00000)
  to   space 57856K, 0% used [0x00000000f3580000,0x00000000f3580000,0x00000000f6e00000)
 ParOldGen       total 201216K, used 107219K [0x00000000a0000000, 0x00000000ac480000, 0x00000000e0000000)
  object space 201216K, 53% used [0x00000000a0000000,0x00000000a68b4ca8,0x00000000ac480000)
 Metaspace       used 90857K, capacity 94962K, committed 95232K, reserved 1132544K
  class space    used 11753K, capacity 12527K, committed 12544K, reserved 1048576K
}

