# JRE version: OpenJDK Runtime Environment (8.0_212-b04) (build 1.8.0_212-release-1586-b04)
# Java VM: OpenJDK 64-Bit Server VM (25.212-b04 mixed mode windows-amd64 compressed oops)
Heap:
 PSYoungGen      total 342528K, used 192774K [0x00000000e0000000, 0x00000000f8900000, 0x0000000100000000)
  eden space 295936K, 59% used [0x00000000e0000000,0x00000000eab60ab0,0x00000000f2100000)
  from space 46592K, 37% used [0x00000000f5b80000,0x00000000f6c61090,0x00000000f8900000)
  to   space 53248K, 0% used [0x00000000f2100000,0x00000000f2100000,0x00000000f5500000)
 ParOldGen       total 148480K, used 123103K [0x00000000a0000000, 0x00000000a9100000, 0x00000000e0000000)
  object space 148480K, 82% used [0x00000000a0000000,0x00000000a7837db8,0x00000000a9100000)
 Metaspace       used 108426K, capacity 114962K, committed 115072K, reserved 1148928K
  class space    used 13835K, capacity 15129K, committed 15232K, reserved 1048576K
GC Heap History (10 events):
Event: 2758.712 GC heap before
{Heap before GC invocations=34 (full 4):
 PSYoungGen      total 279552K, used 236005K [0x00000000e0000000, 0x00000000f7480000, 0x0000000100000000)
  eden space 214528K, 99% used [0x00000000e0000000,0x00000000ed127c18,0x00000000ed180000)
  from space 65024K, 33% used [0x00000000ed180000,0x00000000ee6d19a8,0x00000000f1100000)
  to   space 61952K, 0% used [0x00000000f3800000,0x00000000f3800000,0x00000000f7480000)
 ParOldGen       total 148480K, used 107812K [0x00000000a0000000, 0x00000000a9100000, 0x00000000e0000000)
  object space 148480K, 72% used [0x00000000a0000000,0x00000000a6949110,0x00000000a9100000)
 Metaspace       used 101324K, capacity 106346K, committed 106496K, reserved 1142784K
  class space    used 12964K, capacity 13967K, committed 14080K, reserved 1048576K
Event: 2758.930 GC heap after
Heap after GC invocations=34 (full 4):
 PSYoungGen      total 309248K, used 25306K [0x00000000e0000000, 0x00000000f6c00000, 0x0000000100000000)
  eden space 256000K, 0% used [0x00000000e0000000,0x00000000e0000000,0x00000000efa00000)
  from space 53248K, 47% used [0x00000000f3800000,0x00000000f50b68d8,0x00000000f6c00000)
  to   space 58368K, 0% used [0x00000000efa00000,0x00000000efa00000,0x00000000f3300000)
 ParOldGen       total 148480K, used 109204K [0x00000000a0000000, 0x00000000a9100000, 0x00000000e0000000)
  object space 148480K, 73% used [0x00000000a0000000,0x00000000a6aa5248,0x00000000a9100000)
 Metaspace       used 101324K, capacity 106346K, committed 106496K, reserved 1142784K
  class space    used 12964K, capacity 13967K, committed 14080K, reserved 1048576K
}
Event: 4289.629 GC heap before
{Heap before GC invocations=35 (full 4):
 PSYoungGen      total 309248K, used 281306K [0x00000000e0000000, 0x00000000f6c00000, 0x0000000100000000)
  eden space 256000K, 100% used [0x00000000e0000000,0x00000000efa00000,0x00000000efa00000)
  from space 53248K, 47% used [0x00000000f3800000,0x00000000f50b68d8,0x00000000f6c00000)
  to   space 58368K, 0% used [0x00000000efa00000,0x00000000efa00000,0x00000000f3300000)
 ParOldGen       total 148480K, used 109204K [0x00000000a0000000, 0x00000000a9100000, 0x00000000e0000000)
  object space 148480K, 73% used [0x00000000a0000000,0x00000000a6aa5248,0x00000000a9100000)
 Metaspace       used 106272K, capacity 112352K, committed 112640K, reserved 1146880K
  class space    used 13601K, capacity 14794K, committed 14848K, reserved 1048576K
Event: 4294.942 GC heap after
Heap after GC invocations=35 (full 4):
 PSYoungGen      total 314368K, used 22523K [0x00000000e0000000, 0x00000000f9180000, 0x0000000100000000)
  eden space 256000K, 0% used [0x00000000e0000000,0x00000000e0000000,0x00000000efa00000)
  from space 58368K, 38% used [0x00000000efa00000,0x00000000f0ffecb0,0x00000000f3300000)
  to   space 55296K, 0% used [0x00000000f5b80000,0x00000000f5b80000,0x00000000f9180000)
 ParOldGen       total 148480K, used 110172K [0x00000000a0000000, 0x00000000a9100000, 0x00000000e0000000)
  object space 148480K, 74% used [0x00000000a0000000,0x00000000a6b97360,0x00000000a9100000)
 Metaspace       used 106272K, capacity 112352K, committed 112640K, reserved 1146880K
  class space    used 13601K, capacity 14794K, committed 14848K, reserved 1048576K
}
Event: 5831.143 GC heap before
{Heap before GC invocations=36 (full 4):
 PSYoungGen      total 314368K, used 278523K [0x00000000e0000000, 0x00000000f9180000, 0x0000000100000000)
  eden space 256000K, 100% used [0x00000000e0000000,0x00000000efa00000,0x00000000efa00000)
  from space 58368K, 38% used [0x00000000efa00000,0x00000000f0ffecb0,0x00000000f3300000)
  to   space 55296K, 0% used [0x00000000f5b80000,0x00000000f5b80000,0x00000000f9180000)
 ParOldGen       total 148480K, used 110172K [0x00000000a0000000, 0x00000000a9100000, 0x00000000e0000000)
  object space 148480K, 74% used [0x00000000a0000000,0x00000000a6b97360,0x00000000a9100000)
 Metaspace       used 107603K, capacity 113836K, committed 114176K, reserved 1148928K
  class space    used 13751K, capacity 15018K, committed 15104K, reserved 1048576K
Event: 5833.766 GC heap after
Heap after GC invocations=36 (full 4):
 PSYoungGen      total 342528K, used 19289K [0x00000000e0000000, 0x00000000f8900000, 0x0000000100000000)
  eden space 295936K, 0% used [0x00000000e0000000,0x00000000e0000000,0x00000000f2100000)
  from space 46592K, 41% used [0x00000000f5b80000,0x00000000f6e565e0,0x00000000f8900000)
  to   space 53248K, 0% used [0x00000000f2100000,0x00000000f2100000,0x00000000f5500000)
 ParOldGen       total 148480K, used 115308K [0x00000000a0000000, 0x00000000a9100000, 0x00000000e0000000)
  object space 148480K, 77% used [0x00000000a0000000,0x00000000a709b380,0x00000000a9100000)
 Metaspace       used 107603K, capacity 113836K, committed 114176K, reserved 1148928K
  class space    used 13751K, capacity 15018K, committed 15104K, reserved 1048576K
}
Event: 5871.843 GC heap before
{Heap before GC invocations=37 (full 4):
 PSYoungGen      total 342528K, used 315225K [0x00000000e0000000, 0x00000000f8900000, 0x0000000100000000)
  eden space 295936K, 100% used [0x00000000e0000000,0x00000000f2100000,0x00000000f2100000)
  from space 46592K, 41% used [0x00000000f5b80000,0x00000000f6e565e0,0x00000000f8900000)
  to   space 53248K, 0% used [0x00000000f2100000,0x00000000f2100000,0x00000000f5500000)
 ParOldGen       total 148480K, used 115308K [0x00000000a0000000, 0x00000000a9100000, 0x00000000e0000000)
  object space 148480K, 77% used [0x00000000a0000000,0x00000000a709b380,0x00000000a9100000)
 Metaspace       used 107849K, capacity 114062K, committed 114176K, reserved 1148928K
  class space    used 13760K, capacity 15023K, committed 15104K, reserved 1048576K
Event: 5873.126 GC heap after
Heap after GC invocations=37 (full 4):
 PSYoungGen      total 349184K, used 15002K [0x00000000e0000000, 0x00000000f8900000, 0x0000000100000000)
  eden space 295936K, 0% used [0x00000000e0000000,0x00000000e0000000,0x00000000f2100000)
  from space 53248K, 28% used [0x00000000f2100000,0x00000000f2fa6a00,0x00000000f5500000)
  to   space 46592K, 0% used [0x00000000f5b80000,0x00000000f5b80000,0x00000000f8900000)
 ParOldGen       total 148480K, used 119720K [0x00000000a0000000, 0x00000000a9100000, 0x00000000e0000000)
  object space 148480K, 80% used [0x00000000a0000000,0x00000000a74ea0c0,0x00000000a9100000)
 Metaspace       used 107849K, capacity 114062K, committed 114176K, reserved 1148928K
  class space    used 13760K, capacity 15023K, committed 15104K, reserved 1048576K
}
Event: 5997.310 GC heap before
{Heap before GC invocations=38 (full 4):
 PSYoungGen      total 349184K, used 310938K [0x00000000e0000000, 0x00000000f8900000, 0x0000000100000000)
  eden space 295936K, 100% used [0x00000000e0000000,0x00000000f2100000,0x00000000f2100000)
  from space 53248K, 28% used [0x00000000f2100000,0x00000000f2fa6a00,0x00000000f5500000)
  to   space 46592K, 0% used [0x00000000f5b80000,0x00000000f5b80000,0x00000000f8900000)
 ParOldGen       total 148480K, used 119720K [0x00000000a0000000, 0x00000000a9100000, 0x00000000e0000000)
  object space 148480K, 80% used [0x00000000a0000000,0x00000000a74ea0c0,0x00000000a9100000)
 Metaspace       used 108209K, capacity 114520K, committed 114688K, reserved 1148928K
  class space    used 13801K, capacity 15066K, committed 15104K, reserved 1048576K
Event: 5998.041 GC heap after
Heap after GC invocations=38 (full 4):
 PSYoungGen      total 342528K, used 17284K [0x00000000e0000000, 0x00000000f8900000, 0x0000000100000000)
  eden space 295936K, 0% used [0x00000000e0000000,0x00000000e0000000,0x00000000f2100000)
  from space 46592K, 37% used [0x00000000f5b80000,0x00000000f6c61090,0x00000000f8900000)
  to   space 53248K, 0% used [0x00000000f2100000,0x00000000f2100000,0x00000000f5500000)
 ParOldGen       total 148480K, used 123103K [0x00000000a0000000, 0x00000000a9100000, 0x00000000e0000000)
  object space 148480K, 82% used [0x00000000a0000000,0x00000000a7837db8,0x00000000a9100000)
 Metaspace       used 108209K, capacity 114520K, committed 114688K, reserved 1148928K
  class space    used 13801K, capacity 15066K, committed 15104K, reserved 1048576K
}

