# JRE version: OpenJDK Runtime Environment (8.0_212-b04) (build 1.8.0_212-release-1586-b04)
# Java VM: OpenJDK 64-Bit Server VM (25.212-b04 mixed mode windows-amd64 compressed oops)
Heap:
 PSYoungGen      total 192000K, used 154423K [0x00000000e0000000, 0x00000000ee380000, 0x0000000100000000)
  eden space 162304K, 83% used [0x00000000e0000000,0x00000000e84b71b0,0x00000000e9e80000)
  from space 29696K, 62% used [0x00000000e9e80000,0x00000000eb096e20,0x00000000ebb80000)
  to   space 30208K, 0% used [0x00000000ec600000,0x00000000ec600000,0x00000000ee380000)
 ParOldGen       total 93696K, used 59166K [0x00000000a0000000, 0x00000000a5b80000, 0x00000000e0000000)
  object space 93696K, 63% used [0x00000000a0000000,0x00000000a39c7970,0x00000000a5b80000)
 Metaspace       used 86046K, capacity 89806K, committed 89944K, reserved 1126400K
  class space    used 11501K, capacity 12259K, committed 12376K, reserved 1048576K
GC Heap History (10 events):
Event: 41.028 GC heap before
{Heap before GC invocations=20 (full 3):
 PSYoungGen      total 156672K, used 156559K [0x00000000e0000000, 0x00000000eb180000, 0x0000000100000000)
  eden space 145408K, 100% used [0x00000000e0000000,0x00000000e8e00000,0x00000000e8e00000)
  from space 11264K, 99% used [0x00000000ea680000,0x00000000eb163e90,0x00000000eb180000)
  to   space 16384K, 0% used [0x00000000e9180000,0x00000000e9180000,0x00000000ea180000)
 ParOldGen       total 93696K, used 36640K [0x00000000a0000000, 0x00000000a5b80000, 0x00000000e0000000)
  object space 93696K, 39% used [0x00000000a0000000,0x00000000a23c8010,0x00000000a5b80000)
 Metaspace       used 63317K, capacity 65750K, committed 65880K, reserved 1105920K
  class space    used 8703K, capacity 9259K, committed 9304K, reserved 1048576K
Event: 41.071 GC heap after
Heap after GC invocations=20 (full 3):
 PSYoungGen      total 165376K, used 16382K [0x00000000e0000000, 0x00000000ec380000, 0x0000000100000000)
  eden space 148992K, 0% used [0x00000000e0000000,0x00000000e0000000,0x00000000e9180000)
  from space 16384K, 99% used [0x00000000e9180000,0x00000000ea17fbf8,0x00000000ea180000)
  to   space 19456K, 0% used [0x00000000eb080000,0x00000000eb080000,0x00000000ec380000)
 ParOldGen       total 93696K, used 38323K [0x00000000a0000000, 0x00000000a5b80000, 0x00000000e0000000)
  object space 93696K, 40% used [0x00000000a0000000,0x00000000a256ccb0,0x00000000a5b80000)
 Metaspace       used 63317K, capacity 65750K, committed 65880K, reserved 1105920K
  class space    used 8703K, capacity 9259K, committed 9304K, reserved 1048576K
}
Event: 70.233 GC heap before
{Heap before GC invocations=21 (full 3):
 PSYoungGen      total 165376K, used 165374K [0x00000000e0000000, 0x00000000ec380000, 0x0000000100000000)
  eden space 148992K, 100% used [0x00000000e0000000,0x00000000e9180000,0x00000000e9180000)
  from space 16384K, 99% used [0x00000000e9180000,0x00000000ea17fbf8,0x00000000ea180000)
  to   space 19456K, 0% used [0x00000000eb080000,0x00000000eb080000,0x00000000ec380000)
 ParOldGen       total 93696K, used 38323K [0x00000000a0000000, 0x00000000a5b80000, 0x00000000e0000000)
  object space 93696K, 40% used [0x00000000a0000000,0x00000000a256ccb0,0x00000000a5b80000)
 Metaspace       used 66490K, capacity 69120K, committed 69336K, reserved 1110016K
  class space    used 9055K, capacity 9628K, committed 9688K, reserved 1048576K
Event: 70.309 GC heap after
Heap after GC invocations=21 (full 3):
 PSYoungGen      total 173568K, used 19444K [0x00000000e0000000, 0x00000000ed300000, 0x0000000100000000)
  eden space 154112K, 0% used [0x00000000e0000000,0x00000000e0000000,0x00000000e9680000)
  from space 19456K, 99% used [0x00000000eb080000,0x00000000ec37d330,0x00000000ec380000)
  to   space 26624K, 0% used [0x00000000e9680000,0x00000000e9680000,0x00000000eb080000)
 ParOldGen       total 93696K, used 49442K [0x00000000a0000000, 0x00000000a5b80000, 0x00000000e0000000)
  object space 93696K, 52% used [0x00000000a0000000,0x00000000a3048a00,0x00000000a5b80000)
 Metaspace       used 66490K, capacity 69120K, committed 69336K, reserved 1110016K
  class space    used 9055K, capacity 9628K, committed 9688K, reserved 1048576K
}
Event: 203.062 GC heap before
{Heap before GC invocations=22 (full 3):
 PSYoungGen      total 173568K, used 173556K [0x00000000e0000000, 0x00000000ed300000, 0x0000000100000000)
  eden space 154112K, 100% used [0x00000000e0000000,0x00000000e9680000,0x00000000e9680000)
  from space 19456K, 99% used [0x00000000eb080000,0x00000000ec37d330,0x00000000ec380000)
  to   space 26624K, 0% used [0x00000000e9680000,0x00000000e9680000,0x00000000eb080000)
 ParOldGen       total 93696K, used 49442K [0x00000000a0000000, 0x00000000a5b80000, 0x00000000e0000000)
  object space 93696K, 52% used [0x00000000a0000000,0x00000000a3048a00,0x00000000a5b80000)
 Metaspace       used 72499K, capacity 75350K, committed 75608K, reserved 1114112K
  class space    used 9676K, capacity 10313K, committed 10328K, reserved 1048576K
Event: 203.125 GC heap after
Heap after GC invocations=22 (full 3):
 PSYoungGen      total 180736K, used 13664K [0x00000000e0000000, 0x00000000ed500000, 0x0000000100000000)
  eden space 154112K, 0% used [0x00000000e0000000,0x00000000e0000000,0x00000000e9680000)
  from space 26624K, 51% used [0x00000000e9680000,0x00000000ea3d8150,0x00000000eb080000)
  to   space 26112K, 0% used [0x00000000ebb80000,0x00000000ebb80000,0x00000000ed500000)
 ParOldGen       total 93696K, used 59150K [0x00000000a0000000, 0x00000000a5b80000, 0x00000000e0000000)
  object space 93696K, 63% used [0x00000000a0000000,0x00000000a39c3970,0x00000000a5b80000)
 Metaspace       used 72499K, capacity 75350K, committed 75608K, reserved 1114112K
  class space    used 9676K, capacity 10313K, committed 10328K, reserved 1048576K
}
Event: 212.332 GC heap before
{Heap before GC invocations=23 (full 3):
 PSYoungGen      total 180736K, used 167776K [0x00000000e0000000, 0x00000000ed500000, 0x0000000100000000)
  eden space 154112K, 100% used [0x00000000e0000000,0x00000000e9680000,0x00000000e9680000)
  from space 26624K, 51% used [0x00000000e9680000,0x00000000ea3d8150,0x00000000eb080000)
  to   space 26112K, 0% used [0x00000000ebb80000,0x00000000ebb80000,0x00000000ed500000)
 ParOldGen       total 93696K, used 59150K [0x00000000a0000000, 0x00000000a5b80000, 0x00000000e0000000)
  object space 93696K, 63% used [0x00000000a0000000,0x00000000a39c3970,0x00000000a5b80000)
 Metaspace       used 81813K, capacity 84932K, committed 85080K, reserved 1122304K
  class space    used 10914K, capacity 11580K, committed 11608K, reserved 1048576K
Event: 212.400 GC heap after
Heap after GC invocations=23 (full 3):
 PSYoungGen      total 188416K, used 24976K [0x00000000e0000000, 0x00000000edc00000, 0x0000000100000000)
  eden space 162304K, 0% used [0x00000000e0000000,0x00000000e0000000,0x00000000e9e80000)
  from space 26112K, 95% used [0x00000000ebb80000,0x00000000ed3e4010,0x00000000ed500000)
  to   space 29696K, 0% used [0x00000000e9e80000,0x00000000e9e80000,0x00000000ebb80000)
 ParOldGen       total 93696K, used 59158K [0x00000000a0000000, 0x00000000a5b80000, 0x00000000e0000000)
  object space 93696K, 63% used [0x00000000a0000000,0x00000000a39c5970,0x00000000a5b80000)
 Metaspace       used 81813K, capacity 84932K, committed 85080K, reserved 1122304K
  class space    used 10914K, capacity 11580K, committed 11608K, reserved 1048576K
}
Event: 350.489 GC heap before
{Heap before GC invocations=24 (full 3):
 PSYoungGen      total 188416K, used 187280K [0x00000000e0000000, 0x00000000edc00000, 0x0000000100000000)
  eden space 162304K, 100% used [0x00000000e0000000,0x00000000e9e80000,0x00000000e9e80000)
  from space 26112K, 95% used [0x00000000ebb80000,0x00000000ed3e4010,0x00000000ed500000)
  to   space 29696K, 0% used [0x00000000e9e80000,0x00000000e9e80000,0x00000000ebb80000)
 ParOldGen       total 93696K, used 59158K [0x00000000a0000000, 0x00000000a5b80000, 0x00000000e0000000)
  object space 93696K, 63% used [0x00000000a0000000,0x00000000a39c5970,0x00000000a5b80000)
 Metaspace       used 85932K, capacity 89638K, committed 89944K, reserved 1126400K
  class space    used 11496K, capacity 12253K, committed 12376K, reserved 1048576K
Event: 350.587 GC heap after
Heap after GC invocations=24 (full 3):
 PSYoungGen      total 192000K, used 18523K [0x00000000e0000000, 0x00000000ee380000, 0x0000000100000000)
  eden space 162304K, 0% used [0x00000000e0000000,0x00000000e0000000,0x00000000e9e80000)
  from space 29696K, 62% used [0x00000000e9e80000,0x00000000eb096e20,0x00000000ebb80000)
  to   space 30208K, 0% used [0x00000000ec600000,0x00000000ec600000,0x00000000ee380000)
 ParOldGen       total 93696K, used 59166K [0x00000000a0000000, 0x00000000a5b80000, 0x00000000e0000000)
  object space 93696K, 63% used [0x00000000a0000000,0x00000000a39c7970,0x00000000a5b80000)
 Metaspace       used 85932K, capacity 89638K, committed 89944K, reserved 1126400K
  class space    used 11496K, capacity 12253K, committed 12376K, reserved 1048576K
}

