# JRE version: OpenJDK Runtime Environment (8.0_212-b04) (build 1.8.0_212-release-1586-b04)
# Java VM: OpenJDK 64-Bit Server VM (25.212-b04 mixed mode windows-amd64 compressed oops)
Heap:
 PSYoungGen      total 301568K, used 109871K [0x00000000e0000000, 0x00000000f4b00000, 0x0000000100000000)
  eden space 282624K, 32% used [0x00000000e0000000,0x00000000e590fce0,0x00000000f1400000)
  from space 18944K, 98% used [0x00000000f2080000,0x00000000f32bc010,0x00000000f3300000)
  to   space 24576K, 0% used [0x00000000f3300000,0x00000000f3300000,0x00000000f4b00000)
 ParOldGen       total 87552K, used 57143K [0x00000000a0000000, 0x00000000a5580000, 0x00000000e0000000)
  object space 87552K, 65% used [0x00000000a0000000,0x00000000a37cdd00,0x00000000a5580000)
 Metaspace       used 81551K, capacity 85392K, committed 85504K, reserved 1124352K
  class space    used 10642K, capacity 11447K, committed 11520K, reserved 1048576K
GC Heap History (10 events):
Event: 34.848 GC heap before
{Heap before GC invocations=16 (full 3):
 PSYoungGen      total 205824K, used 1742K [0x00000000e0000000, 0x00000000f1f00000, 0x0000000100000000)
  eden space 184320K, 0% used [0x00000000e0000000,0x00000000e0000000,0x00000000eb400000)
  from space 21504K, 8% used [0x00000000eb400000,0x00000000eb5b3a18,0x00000000ec900000)
  to   space 21504K, 0% used [0x00000000f0a00000,0x00000000f0a00000,0x00000000f1f00000)
 ParOldGen       total 54784K, used 40197K [0x00000000a0000000, 0x00000000a3580000, 0x00000000e0000000)
  object space 54784K, 73% used [0x00000000a0000000,0x00000000a2741778,0x00000000a3580000)
 Metaspace       used 57310K, capacity 59074K, committed 59136K, reserved 1099776K
  class space    used 7756K, capacity 8163K, committed 8192K, reserved 1048576K
Event: 35.321 GC heap after
Heap after GC invocations=16 (full 3):
 PSYoungGen      total 205824K, used 0K [0x00000000e0000000, 0x00000000f1f00000, 0x0000000100000000)
  eden space 184320K, 0% used [0x00000000e0000000,0x00000000e0000000,0x00000000eb400000)
  from space 21504K, 0% used [0x00000000eb400000,0x00000000eb400000,0x00000000ec900000)
  to   space 21504K, 0% used [0x00000000f0a00000,0x00000000f0a00000,0x00000000f1f00000)
 ParOldGen       total 87552K, used 33503K [0x00000000a0000000, 0x00000000a5580000, 0x00000000e0000000)
  object space 87552K, 38% used [0x00000000a0000000,0x00000000a20b7f10,0x00000000a5580000)
 Metaspace       used 57304K, capacity 59056K, committed 59136K, reserved 1099776K
  class space    used 7754K, capacity 8160K, committed 8192K, reserved 1048576K
}
Event: 44.116 GC heap before
{Heap before GC invocations=17 (full 3):
 PSYoungGen      total 205824K, used 184320K [0x00000000e0000000, 0x00000000f1f00000, 0x0000000100000000)
  eden space 184320K, 100% used [0x00000000e0000000,0x00000000eb400000,0x00000000eb400000)
  from space 21504K, 0% used [0x00000000eb400000,0x00000000eb400000,0x00000000ec900000)
  to   space 21504K, 0% used [0x00000000f0a00000,0x00000000f0a00000,0x00000000f1f00000)
 ParOldGen       total 87552K, used 33503K [0x00000000a0000000, 0x00000000a5580000, 0x00000000e0000000)
  object space 87552K, 38% used [0x00000000a0000000,0x00000000a20b7f10,0x00000000a5580000)
 Metaspace       used 66176K, capacity 68758K, committed 68864K, reserved 1107968K
  class space    used 9117K, capacity 9687K, committed 9728K, reserved 1048576K
Event: 44.162 GC heap after
Heap after GC invocations=17 (full 3):
 PSYoungGen      total 252416K, used 15576K [0x00000000e0000000, 0x00000000f1980000, 0x0000000100000000)
  eden space 236544K, 0% used [0x00000000e0000000,0x00000000e0000000,0x00000000ee700000)
  from space 15872K, 98% used [0x00000000f0a00000,0x00000000f1936360,0x00000000f1980000)
  to   space 23040K, 0% used [0x00000000eec80000,0x00000000eec80000,0x00000000f0300000)
 ParOldGen       total 87552K, used 33511K [0x00000000a0000000, 0x00000000a5580000, 0x00000000e0000000)
  object space 87552K, 38% used [0x00000000a0000000,0x00000000a20b9f10,0x00000000a5580000)
 Metaspace       used 66176K, capacity 68758K, committed 68864K, reserved 1107968K
  class space    used 9117K, capacity 9687K, committed 9728K, reserved 1048576K
}
Event: 4464.648 GC heap before
{Heap before GC invocations=18 (full 3):
 PSYoungGen      total 252416K, used 252120K [0x00000000e0000000, 0x00000000f1980000, 0x0000000100000000)
  eden space 236544K, 100% used [0x00000000e0000000,0x00000000ee700000,0x00000000ee700000)
  from space 15872K, 98% used [0x00000000f0a00000,0x00000000f1936360,0x00000000f1980000)
  to   space 23040K, 0% used [0x00000000eec80000,0x00000000eec80000,0x00000000f0300000)
 ParOldGen       total 87552K, used 33511K [0x00000000a0000000, 0x00000000a5580000, 0x00000000e0000000)
  object space 87552K, 38% used [0x00000000a0000000,0x00000000a20b9f10,0x00000000a5580000)
 Metaspace       used 75301K, capacity 78624K, committed 78848K, reserved 1118208K
  class space    used 9980K, capacity 10679K, committed 10752K, reserved 1048576K
Event: 4480.036 GC heap after
Heap after GC invocations=18 (full 3):
 PSYoungGen      total 265216K, used 23035K [0x00000000e0000000, 0x00000000f5880000, 0x0000000100000000)
  eden space 242176K, 0% used [0x00000000e0000000,0x00000000e0000000,0x00000000eec80000)
  from space 23040K, 99% used [0x00000000eec80000,0x00000000f02fedf8,0x00000000f0300000)
  to   space 28160K, 0% used [0x00000000f3d00000,0x00000000f3d00000,0x00000000f5880000)
 ParOldGen       total 87552K, used 37073K [0x00000000a0000000, 0x00000000a5580000, 0x00000000e0000000)
  object space 87552K, 42% used [0x00000000a0000000,0x00000000a2434730,0x00000000a5580000)
 Metaspace       used 75301K, capacity 78624K, committed 78848K, reserved 1118208K
  class space    used 9980K, capacity 10679K, committed 10752K, reserved 1048576K
}
Event: 6620.298 GC heap before
{Heap before GC invocations=19 (full 3):
 PSYoungGen      total 265216K, used 265211K [0x00000000e0000000, 0x00000000f5880000, 0x0000000100000000)
  eden space 242176K, 100% used [0x00000000e0000000,0x00000000eec80000,0x00000000eec80000)
  from space 23040K, 99% used [0x00000000eec80000,0x00000000f02fedf8,0x00000000f0300000)
  to   space 28160K, 0% used [0x00000000f3d00000,0x00000000f3d00000,0x00000000f5880000)
 ParOldGen       total 87552K, used 37073K [0x00000000a0000000, 0x00000000a5580000, 0x00000000e0000000)
  object space 87552K, 42% used [0x00000000a0000000,0x00000000a2434730,0x00000000a5580000)
 Metaspace       used 76329K, capacity 79748K, committed 80000K, reserved 1118208K
  class space    used 10030K, capacity 10753K, committed 10880K, reserved 1048576K
Event: 6626.686 GC heap after
Heap after GC invocations=19 (full 3):
 PSYoungGen      total 319488K, used 7984K [0x00000000e0000000, 0x00000000f5480000, 0x0000000100000000)
  eden space 295424K, 0% used [0x00000000e0000000,0x00000000e0000000,0x00000000f2080000)
  from space 24064K, 33% used [0x00000000f3d00000,0x00000000f44cc030,0x00000000f5480000)
  to   space 26624K, 0% used [0x00000000f2080000,0x00000000f2080000,0x00000000f3a80000)
 ParOldGen       total 87552K, used 57135K [0x00000000a0000000, 0x00000000a5580000, 0x00000000e0000000)
  object space 87552K, 65% used [0x00000000a0000000,0x00000000a37cbd00,0x00000000a5580000)
 Metaspace       used 76329K, capacity 79748K, committed 80000K, reserved 1118208K
  class space    used 10030K, capacity 10753K, committed 10880K, reserved 1048576K
}
Event: 7969.730 GC heap before
{Heap before GC invocations=20 (full 3):
 PSYoungGen      total 319488K, used 303408K [0x00000000e0000000, 0x00000000f5480000, 0x0000000100000000)
  eden space 295424K, 100% used [0x00000000e0000000,0x00000000f2080000,0x00000000f2080000)
  from space 24064K, 33% used [0x00000000f3d00000,0x00000000f44cc030,0x00000000f5480000)
  to   space 26624K, 0% used [0x00000000f2080000,0x00000000f2080000,0x00000000f3a80000)
 ParOldGen       total 87552K, used 57135K [0x00000000a0000000, 0x00000000a5580000, 0x00000000e0000000)
  object space 87552K, 65% used [0x00000000a0000000,0x00000000a37cbd00,0x00000000a5580000)
 Metaspace       used 80489K, capacity 84236K, committed 84352K, reserved 1122304K
  class space    used 10552K, capacity 11335K, committed 11392K, reserved 1048576K
Event: 7970.493 GC heap after
Heap after GC invocations=20 (full 3):
 PSYoungGen      total 301568K, used 18672K [0x00000000e0000000, 0x00000000f4b00000, 0x0000000100000000)
  eden space 282624K, 0% used [0x00000000e0000000,0x00000000e0000000,0x00000000f1400000)
  from space 18944K, 98% used [0x00000000f2080000,0x00000000f32bc010,0x00000000f3300000)
  to   space 24576K, 0% used [0x00000000f3300000,0x00000000f3300000,0x00000000f4b00000)
 ParOldGen       total 87552K, used 57143K [0x00000000a0000000, 0x00000000a5580000, 0x00000000e0000000)
  object space 87552K, 65% used [0x00000000a0000000,0x00000000a37cdd00,0x00000000a5580000)
 Metaspace       used 80489K, capacity 84236K, committed 84352K, reserved 1122304K
  class space    used 10552K, capacity 11335K, committed 11392K, reserved 1048576K
}

