# JRE version: OpenJDK Runtime Environment (8.0_212-b04) (build 1.8.0_212-release-1586-b04)
# Java VM: OpenJDK 64-Bit Server VM (25.212-b04 mixed mode windows-amd64 compressed oops)
Heap:
 PSYoungGen      total 228864K, used 46182K [0x00000000e0000000, 0x00000000f2280000, 0x0000000100000000)
  eden space 193536K, 21% used [0x00000000e0000000,0x00000000e281cfd8,0x00000000ebd00000)
  from space 35328K, 14% used [0x00000000ebd00000,0x00000000ec1fcab8,0x00000000edf80000)
  to   space 24064K, 0% used [0x00000000edf80000,0x00000000edf80000,0x00000000ef700000)
 ParOldGen       total 109568K, used 108966K [0x00000000a0000000, 0x00000000a6b00000, 0x00000000e0000000)
  object space 109568K, 99% used [0x00000000a0000000,0x00000000a6a69a18,0x00000000a6b00000)
 Metaspace       used 81617K, capacity 84516K, committed 85120K, reserved 1122304K
  class space    used 10851K, capacity 11460K, committed 11648K, reserved 1048576K
GC Heap History (10 events):
Event: 48.345 GC heap before
{Heap before GC invocations=17 (full 3):
 PSYoungGen      total 198144K, used 191681K [0x00000000e0000000, 0x00000000ef700000, 0x0000000100000000)
  eden space 175616K, 100% used [0x00000000e0000000,0x00000000eab80000,0x00000000eab80000)
  from space 22528K, 71% used [0x00000000eab80000,0x00000000ebb304b0,0x00000000ec180000)
  to   space 24064K, 0% used [0x00000000edf80000,0x00000000edf80000,0x00000000ef700000)
 ParOldGen       total 99328K, used 39417K [0x00000000a0000000, 0x00000000a6100000, 0x00000000e0000000)
  object space 99328K, 39% used [0x00000000a0000000,0x00000000a267e478,0x00000000a6100000)
 Metaspace       used 62622K, capacity 64992K, committed 65152K, reserved 1105920K
  class space    used 8492K, capacity 9040K, committed 9088K, reserved 1048576K
Event: 48.442 GC heap after
Heap after GC invocations=17 (full 3):
 PSYoungGen      total 222208K, used 24046K [0x00000000e0000000, 0x00000000f0700000, 0x0000000100000000)
  eden space 198144K, 0% used [0x00000000e0000000,0x00000000e0000000,0x00000000ec180000)
  from space 24064K, 99% used [0x00000000edf80000,0x00000000ef6fb980,0x00000000ef700000)
  to   space 30720K, 0% used [0x00000000ec180000,0x00000000ec180000,0x00000000edf80000)
 ParOldGen       total 99328K, used 47768K [0x00000000a0000000, 0x00000000a6100000, 0x00000000e0000000)
  object space 99328K, 48% used [0x00000000a0000000,0x00000000a2ea6228,0x00000000a6100000)
 Metaspace       used 62622K, capacity 64992K, committed 65152K, reserved 1105920K
  class space    used 8492K, capacity 9040K, committed 9088K, reserved 1048576K
}
Event: 87.378 GC heap before
{Heap before GC invocations=18 (full 3):
 PSYoungGen      total 222208K, used 222190K [0x00000000e0000000, 0x00000000f0700000, 0x0000000100000000)
  eden space 198144K, 100% used [0x00000000e0000000,0x00000000ec180000,0x00000000ec180000)
  from space 24064K, 99% used [0x00000000edf80000,0x00000000ef6fb980,0x00000000ef700000)
  to   space 30720K, 0% used [0x00000000ec180000,0x00000000ec180000,0x00000000edf80000)
 ParOldGen       total 99328K, used 47768K [0x00000000a0000000, 0x00000000a6100000, 0x00000000e0000000)
  object space 99328K, 48% used [0x00000000a0000000,0x00000000a2ea6228,0x00000000a6100000)
 Metaspace       used 68919K, capacity 71336K, committed 71552K, reserved 1112064K
  class space    used 9262K, capacity 9794K, committed 9856K, reserved 1048576K
Event: 87.446 GC heap after
Heap after GC invocations=18 (full 3):
 PSYoungGen      total 228864K, used 17870K [0x00000000e0000000, 0x00000000f0700000, 0x0000000100000000)
  eden space 198144K, 0% used [0x00000000e0000000,0x00000000e0000000,0x00000000ec180000)
  from space 30720K, 58% used [0x00000000ec180000,0x00000000ed2f3bb0,0x00000000edf80000)
  to   space 24064K, 0% used [0x00000000edf80000,0x00000000edf80000,0x00000000ef700000)
 ParOldGen       total 99328K, used 70271K [0x00000000a0000000, 0x00000000a6100000, 0x00000000e0000000)
  object space 99328K, 70% used [0x00000000a0000000,0x00000000a449fe28,0x00000000a6100000)
 Metaspace       used 68919K, capacity 71336K, committed 71552K, reserved 1112064K
  class space    used 9262K, capacity 9794K, committed 9856K, reserved 1048576K
}
Event: 103.061 GC heap before
{Heap before GC invocations=19 (full 3):
 PSYoungGen      total 228864K, used 215904K [0x00000000e0000000, 0x00000000f0700000, 0x0000000100000000)
  eden space 198144K, 99% used [0x00000000e0000000,0x00000000ec164480,0x00000000ec180000)
  from space 30720K, 58% used [0x00000000ec180000,0x00000000ed2f3bb0,0x00000000edf80000)
  to   space 24064K, 0% used [0x00000000edf80000,0x00000000edf80000,0x00000000ef700000)
 ParOldGen       total 99328K, used 70271K [0x00000000a0000000, 0x00000000a6100000, 0x00000000e0000000)
  object space 99328K, 70% used [0x00000000a0000000,0x00000000a449fe28,0x00000000a6100000)
 Metaspace       used 74990K, capacity 77590K, committed 77824K, reserved 1116160K
  class space    used 9901K, capacity 10467K, committed 10496K, reserved 1048576K
Event: 103.123 GC heap after
Heap after GC invocations=19 (full 3):
 PSYoungGen      total 217600K, used 24037K [0x00000000e0000000, 0x00000000f2280000, 0x0000000100000000)
  eden space 193536K, 0% used [0x00000000e0000000,0x00000000e0000000,0x00000000ebd00000)
  from space 24064K, 99% used [0x00000000edf80000,0x00000000ef6f9778,0x00000000ef700000)
  to   space 35328K, 0% used [0x00000000ebd00000,0x00000000ebd00000,0x00000000edf80000)
 ParOldGen       total 99328K, used 74165K [0x00000000a0000000, 0x00000000a6100000, 0x00000000e0000000)
  object space 99328K, 74% used [0x00000000a0000000,0x00000000a486d5f8,0x00000000a6100000)
 Metaspace       used 74990K, capacity 77590K, committed 77824K, reserved 1116160K
  class space    used 9901K, capacity 10467K, committed 10496K, reserved 1048576K
}
Event: 107.744 GC heap before
{Heap before GC invocations=20 (full 3):
 PSYoungGen      total 217600K, used 217573K [0x00000000e0000000, 0x00000000f2280000, 0x0000000100000000)
  eden space 193536K, 100% used [0x00000000e0000000,0x00000000ebd00000,0x00000000ebd00000)
  from space 24064K, 99% used [0x00000000edf80000,0x00000000ef6f9778,0x00000000ef700000)
  to   space 35328K, 0% used [0x00000000ebd00000,0x00000000ebd00000,0x00000000edf80000)
 ParOldGen       total 99328K, used 74165K [0x00000000a0000000, 0x00000000a6100000, 0x00000000e0000000)
  object space 99328K, 74% used [0x00000000a0000000,0x00000000a486d5f8,0x00000000a6100000)
 Metaspace       used 81523K, capacity 84642K, committed 84864K, reserved 1122304K
  class space    used 10893K, capacity 11535K, committed 11648K, reserved 1048576K
Event: 107.982 GC heap after
Heap after GC invocations=20 (full 3):
 PSYoungGen      total 228864K, used 35320K [0x00000000e0000000, 0x00000000f2280000, 0x0000000100000000)
  eden space 193536K, 0% used [0x00000000e0000000,0x00000000e0000000,0x00000000ebd00000)
  from space 35328K, 99% used [0x00000000ebd00000,0x00000000edf7e390,0x00000000edf80000)
  to   space 24064K, 0% used [0x00000000edf80000,0x00000000edf80000,0x00000000ef700000)
 ParOldGen       total 109568K, used 109246K [0x00000000a0000000, 0x00000000a6b00000, 0x00000000e0000000)
  object space 109568K, 99% used [0x00000000a0000000,0x00000000a6aaf988,0x00000000a6b00000)
 Metaspace       used 81523K, capacity 84642K, committed 84864K, reserved 1122304K
  class space    used 10893K, capacity 11535K, committed 11648K, reserved 1048576K
}
Event: 107.982 GC heap before
{Heap before GC invocations=21 (full 4):
 PSYoungGen      total 228864K, used 35320K [0x00000000e0000000, 0x00000000f2280000, 0x0000000100000000)
  eden space 193536K, 0% used [0x00000000e0000000,0x00000000e0000000,0x00000000ebd00000)
  from space 35328K, 99% used [0x00000000ebd00000,0x00000000edf7e390,0x00000000edf80000)
  to   space 24064K, 0% used [0x00000000edf80000,0x00000000edf80000,0x00000000ef700000)
 ParOldGen       total 109568K, used 109246K [0x00000000a0000000, 0x00000000a6b00000, 0x00000000e0000000)
  object space 109568K, 99% used [0x00000000a0000000,0x00000000a6aaf988,0x00000000a6b00000)
 Metaspace       used 81523K, capacity 84642K, committed 84864K, reserved 1122304K
  class space    used 10893K, capacity 11535K, committed 11648K, reserved 1048576K
Event: 109.176 GC heap after
Heap after GC invocations=21 (full 4):
 PSYoungGen      total 228864K, used 5106K [0x00000000e0000000, 0x00000000f2280000, 0x0000000100000000)
  eden space 193536K, 0% used [0x00000000e0000000,0x00000000e0000000,0x00000000ebd00000)
  from space 35328K, 14% used [0x00000000ebd00000,0x00000000ec1fcab8,0x00000000edf80000)
  to   space 24064K, 0% used [0x00000000edf80000,0x00000000edf80000,0x00000000ef700000)
 ParOldGen       total 109568K, used 108966K [0x00000000a0000000, 0x00000000a6b00000, 0x00000000e0000000)
  object space 109568K, 99% used [0x00000000a0000000,0x00000000a6a69a18,0x00000000a6b00000)
 Metaspace       used 81398K, capacity 84296K, committed 84864K, reserved 1122304K
  class space    used 10851K, capacity 11460K, committed 11648K, reserved 1048576K
}

