# JRE version: OpenJDK Runtime Environment (8.0_212-b04) (build 1.8.0_212-release-1586-b04)
# Java VM: OpenJDK 64-Bit Server VM (25.212-b04 mixed mode windows-amd64 compressed oops)
Heap:
 PSYoungGen      total 175616K, used 175267K [0x00000000e0000000, 0x00000000eec00000, 0x0000000100000000)
  eden space 139776K, 99% used [0x00000000e0000000,0x00000000e8829d00,0x00000000e8880000)
  from space 35840K, 99% used [0x00000000e8880000,0x00000000eab7f210,0x00000000eab80000)
  to   space 42496K, 0% used [0x00000000ec280000,0x00000000ec280000,0x00000000eec00000)
 ParOldGen       total 147456K, used 69290K [0x00000000a0000000, 0x00000000a9000000, 0x00000000e0000000)
  object space 147456K, 46% used [0x00000000a0000000,0x00000000a43aaa58,0x00000000a9000000)
 Metaspace       used 102981K, capacity 108896K, committed 109056K, reserved 1144832K
  class space    used 13359K, capacity 14526K, committed 14592K, reserved 1048576K
GC Heap History (10 events):
Event: 1468.057 GC heap before
{Heap before GC invocations=35 (full 4):
 PSYoungGen      total 171008K, used 137434K [0x00000000e0000000, 0x00000000ed980000, 0x0000000100000000)
  eden space 128512K, 100% used [0x00000000e0000000,0x00000000e7d80000,0x00000000e7d80000)
  from space 42496K, 20% used [0x00000000ea700000,0x00000000eafb6a58,0x00000000ed080000)
  to   space 42496K, 0% used [0x00000000e7d80000,0x00000000e7d80000,0x00000000ea700000)
 ParOldGen       total 147456K, used 62957K [0x00000000a0000000, 0x00000000a9000000, 0x00000000e0000000)
  object space 147456K, 42% used [0x00000000a0000000,0x00000000a3d7b7c0,0x00000000a9000000)
 Metaspace       used 100703K, capacity 106156K, committed 106496K, reserved 1140736K
  class space    used 13164K, capacity 14218K, committed 14336K, reserved 1048576K
Event: 1468.096 GC heap after
Heap after GC invocations=35 (full 4):
 PSYoungGen      total 171008K, used 19557K [0x00000000e0000000, 0x00000000ed400000, 0x0000000100000000)
  eden space 128512K, 0% used [0x00000000e0000000,0x00000000e0000000,0x00000000e7d80000)
  from space 42496K, 46% used [0x00000000e7d80000,0x00000000e90997d8,0x00000000ea700000)
  to   space 40448K, 0% used [0x00000000eac80000,0x00000000eac80000,0x00000000ed400000)
 ParOldGen       total 147456K, used 62965K [0x00000000a0000000, 0x00000000a9000000, 0x00000000e0000000)
  object space 147456K, 42% used [0x00000000a0000000,0x00000000a3d7d7c0,0x00000000a9000000)
 Metaspace       used 100703K, capacity 106156K, committed 106496K, reserved 1140736K
  class space    used 13164K, capacity 14218K, committed 14336K, reserved 1048576K
}
Event: 1542.183 GC heap before
{Heap before GC invocations=36 (full 4):
 PSYoungGen      total 171008K, used 148069K [0x00000000e0000000, 0x00000000ed400000, 0x0000000100000000)
  eden space 128512K, 100% used [0x00000000e0000000,0x00000000e7d80000,0x00000000e7d80000)
  from space 42496K, 46% used [0x00000000e7d80000,0x00000000e90997d8,0x00000000ea700000)
  to   space 40448K, 0% used [0x00000000eac80000,0x00000000eac80000,0x00000000ed400000)
 ParOldGen       total 147456K, used 62965K [0x00000000a0000000, 0x00000000a9000000, 0x00000000e0000000)
  object space 147456K, 42% used [0x00000000a0000000,0x00000000a3d7d7c0,0x00000000a9000000)
 Metaspace       used 101132K, capacity 106766K, committed 107008K, reserved 1142784K
  class space    used 13198K, capacity 14310K, committed 14336K, reserved 1048576K
Event: 1542.243 GC heap after
Heap after GC invocations=36 (full 4):
 PSYoungGen      total 170496K, used 18672K [0x00000000e0000000, 0x00000000ecf00000, 0x0000000100000000)
  eden space 135168K, 0% used [0x00000000e0000000,0x00000000e0000000,0x00000000e8400000)
  from space 35328K, 52% used [0x00000000eac80000,0x00000000ebebc1d8,0x00000000ecf00000)
  to   space 38400K, 0% used [0x00000000e8400000,0x00000000e8400000,0x00000000ea980000)
 ParOldGen       total 147456K, used 62973K [0x00000000a0000000, 0x00000000a9000000, 0x00000000e0000000)
  object space 147456K, 42% used [0x00000000a0000000,0x00000000a3d7f7c0,0x00000000a9000000)
 Metaspace       used 101132K, capacity 106766K, committed 107008K, reserved 1142784K
  class space    used 13198K, capacity 14310K, committed 14336K, reserved 1048576K
}
Event: 1563.620 GC heap before
{Heap before GC invocations=37 (full 4):
 PSYoungGen      total 170496K, used 153840K [0x00000000e0000000, 0x00000000ecf00000, 0x0000000100000000)
  eden space 135168K, 100% used [0x00000000e0000000,0x00000000e8400000,0x00000000e8400000)
  from space 35328K, 52% used [0x00000000eac80000,0x00000000ebebc1d8,0x00000000ecf00000)
  to   space 38400K, 0% used [0x00000000e8400000,0x00000000e8400000,0x00000000ea980000)
 ParOldGen       total 147456K, used 62973K [0x00000000a0000000, 0x00000000a9000000, 0x00000000e0000000)
  object space 147456K, 42% used [0x00000000a0000000,0x00000000a3d7f7c0,0x00000000a9000000)
 Metaspace       used 101452K, capacity 107266K, committed 107392K, reserved 1142784K
  class space    used 13230K, capacity 14379K, committed 14464K, reserved 1048576K
Event: 1563.679 GC heap after
Heap after GC invocations=37 (full 4):
 PSYoungGen      total 173568K, used 19806K [0x00000000e0000000, 0x00000000ed080000, 0x0000000100000000)
  eden space 135168K, 0% used [0x00000000e0000000,0x00000000e0000000,0x00000000e8400000)
  from space 38400K, 51% used [0x00000000e8400000,0x00000000e9757928,0x00000000ea980000)
  to   space 36352K, 0% used [0x00000000ead00000,0x00000000ead00000,0x00000000ed080000)
 ParOldGen       total 147456K, used 62981K [0x00000000a0000000, 0x00000000a9000000, 0x00000000e0000000)
  object space 147456K, 42% used [0x00000000a0000000,0x00000000a3d817c0,0x00000000a9000000)
 Metaspace       used 101452K, capacity 107266K, committed 107392K, reserved 1142784K
  class space    used 13230K, capacity 14379K, committed 14464K, reserved 1048576K
}
Event: 1615.385 GC heap before
{Heap before GC invocations=38 (full 4):
 PSYoungGen      total 173568K, used 154974K [0x00000000e0000000, 0x00000000ed080000, 0x0000000100000000)
  eden space 135168K, 100% used [0x00000000e0000000,0x00000000e8400000,0x00000000e8400000)
  from space 38400K, 51% used [0x00000000e8400000,0x00000000e9757928,0x00000000ea980000)
  to   space 36352K, 0% used [0x00000000ead00000,0x00000000ead00000,0x00000000ed080000)
 ParOldGen       total 147456K, used 62981K [0x00000000a0000000, 0x00000000a9000000, 0x00000000e0000000)
  object space 147456K, 42% used [0x00000000a0000000,0x00000000a3d817c0,0x00000000a9000000)
 Metaspace       used 101576K, capacity 107360K, committed 107648K, reserved 1142784K
  class space    used 13237K, capacity 14384K, committed 14464K, reserved 1048576K
Event: 1615.438 GC heap after
Heap after GC invocations=38 (full 4):
 PSYoungGen      total 174080K, used 21706K [0x00000000e0000000, 0x00000000ece80000, 0x0000000100000000)
  eden space 139776K, 0% used [0x00000000e0000000,0x00000000e0000000,0x00000000e8880000)
  from space 34304K, 63% used [0x00000000ead00000,0x00000000ec2329a8,0x00000000ece80000)
  to   space 35840K, 0% used [0x00000000e8880000,0x00000000e8880000,0x00000000eab80000)
 ParOldGen       total 147456K, used 62989K [0x00000000a0000000, 0x00000000a9000000, 0x00000000e0000000)
  object space 147456K, 42% used [0x00000000a0000000,0x00000000a3d837c0,0x00000000a9000000)
 Metaspace       used 101576K, capacity 107360K, committed 107648K, reserved 1142784K
  class space    used 13237K, capacity 14384K, committed 14464K, reserved 1048576K
}
Event: 1622.441 GC heap before
{Heap before GC invocations=39 (full 4):
 PSYoungGen      total 174080K, used 161482K [0x00000000e0000000, 0x00000000ece80000, 0x0000000100000000)
  eden space 139776K, 100% used [0x00000000e0000000,0x00000000e8880000,0x00000000e8880000)
  from space 34304K, 63% used [0x00000000ead00000,0x00000000ec2329a8,0x00000000ece80000)
  to   space 35840K, 0% used [0x00000000e8880000,0x00000000e8880000,0x00000000eab80000)
 ParOldGen       total 147456K, used 62989K [0x00000000a0000000, 0x00000000a9000000, 0x00000000e0000000)
  object space 147456K, 42% used [0x00000000a0000000,0x00000000a3d837c0,0x00000000a9000000)
 Metaspace       used 102597K, capacity 108522K, committed 108800K, reserved 1142784K
  class space    used 13330K, capacity 14477K, committed 14592K, reserved 1048576K
Event: 1622.837 GC heap after
Heap after GC invocations=39 (full 4):
 PSYoungGen      total 175616K, used 35836K [0x00000000e0000000, 0x00000000eec00000, 0x0000000100000000)
  eden space 139776K, 0% used [0x00000000e0000000,0x00000000e0000000,0x00000000e8880000)
  from space 35840K, 99% used [0x00000000e8880000,0x00000000eab7f210,0x00000000eab80000)
  to   space 42496K, 0% used [0x00000000ec280000,0x00000000ec280000,0x00000000eec00000)
 ParOldGen       total 147456K, used 69290K [0x00000000a0000000, 0x00000000a9000000, 0x00000000e0000000)
  object space 147456K, 46% used [0x00000000a0000000,0x00000000a43aaa58,0x00000000a9000000)
 Metaspace       used 102597K, capacity 108522K, committed 108800K, reserved 1142784K
  class space    used 13330K, capacity 14477K, committed 14592K, reserved 1048576K
}

