# JRE version: OpenJDK Runtime Environment (8.0_212-b04) (build 1.8.0_212-release-1586-b04)
# Java VM: OpenJDK 64-Bit Server VM (25.212-b04 mixed mode windows-amd64 compressed oops)
Heap:
 PSYoungGen      total 190976K, used 159221K [0x00000000e0000000, 0x00000000efa80000, 0x0000000100000000)
  eden space 155136K, 87% used [0x00000000e0000000,0x00000000e8406180,0x00000000e9780000)
  from space 35840K, 67% used [0x00000000e9780000,0x00000000eaef75b8,0x00000000eba80000)
  to   space 47616K, 0% used [0x00000000ecc00000,0x00000000ecc00000,0x00000000efa80000)
 ParOldGen       total 98304K, used 67754K [0x00000000a0000000, 0x00000000a6000000, 0x00000000e0000000)
  object space 98304K, 68% used [0x00000000a0000000,0x00000000a422ab78,0x00000000a6000000)
 Metaspace       used 91758K, capacity 95480K, committed 95576K, reserved 1132544K
  class space    used 11859K, capacity 12590K, committed 12632K, reserved 1048576K
GC Heap History (10 events):
Event: 184.179 GC heap before
{Heap before GC invocations=27 (full 3):
 PSYoungGen      total 190976K, used 173167K [0x00000000e0000000, 0x00000000ef100000, 0x0000000100000000)
  eden space 155136K, 100% used [0x00000000e0000000,0x00000000e9780000,0x00000000e9780000)
  from space 35840K, 50% used [0x00000000e9780000,0x00000000ea91bc08,0x00000000eba80000)
  to   space 35328K, 0% used [0x00000000ece80000,0x00000000ece80000,0x00000000ef100000)
 ParOldGen       total 93696K, used 77603K [0x00000000a0000000, 0x00000000a5b80000, 0x00000000e0000000)
  object space 93696K, 82% used [0x00000000a0000000,0x00000000a4bc8eb8,0x00000000a5b80000)
 Metaspace       used 88362K, capacity 92226K, committed 92376K, reserved 1130496K
  class space    used 11427K, capacity 12147K, committed 12248K, reserved 1048576K
Event: 184.344 GC heap after
Heap after GC invocations=27 (full 3):
 PSYoungGen      total 190464K, used 35311K [0x00000000e0000000, 0x00000000ef100000, 0x0000000100000000)
  eden space 155136K, 0% used [0x00000000e0000000,0x00000000e0000000,0x00000000e9780000)
  from space 35328K, 99% used [0x00000000ece80000,0x00000000ef0fbde0,0x00000000ef100000)
  to   space 35840K, 0% used [0x00000000e9780000,0x00000000e9780000,0x00000000eba80000)
 ParOldGen       total 98304K, used 98173K [0x00000000a0000000, 0x00000000a6000000, 0x00000000e0000000)
  object space 98304K, 99% used [0x00000000a0000000,0x00000000a5fdf430,0x00000000a6000000)
 Metaspace       used 88362K, capacity 92226K, committed 92376K, reserved 1130496K
  class space    used 11427K, capacity 12147K, committed 12248K, reserved 1048576K
}
Event: 184.359 GC heap before
{Heap before GC invocations=28 (full 4):
 PSYoungGen      total 190464K, used 35311K [0x00000000e0000000, 0x00000000ef100000, 0x0000000100000000)
  eden space 155136K, 0% used [0x00000000e0000000,0x00000000e0000000,0x00000000e9780000)
  from space 35328K, 99% used [0x00000000ece80000,0x00000000ef0fbde0,0x00000000ef100000)
  to   space 35840K, 0% used [0x00000000e9780000,0x00000000e9780000,0x00000000eba80000)
 ParOldGen       total 98304K, used 98173K [0x00000000a0000000, 0x00000000a6000000, 0x00000000e0000000)
  object space 98304K, 99% used [0x00000000a0000000,0x00000000a5fdf430,0x00000000a6000000)
 Metaspace       used 88362K, capacity 92226K, committed 92376K, reserved 1130496K
  class space    used 11427K, capacity 12147K, committed 12248K, reserved 1048576K
Event: 191.625 GC heap after
Heap after GC invocations=28 (full 4):
 PSYoungGen      total 190464K, used 1493K [0x00000000e0000000, 0x00000000ef100000, 0x0000000100000000)
  eden space 155136K, 0% used [0x00000000e0000000,0x00000000e0000000,0x00000000e9780000)
  from space 35328K, 4% used [0x00000000ece80000,0x00000000ecff5660,0x00000000ef100000)
  to   space 35840K, 0% used [0x00000000e9780000,0x00000000e9780000,0x00000000eba80000)
 ParOldGen       total 98304K, used 97936K [0x00000000a0000000, 0x00000000a6000000, 0x00000000e0000000)
  object space 98304K, 99% used [0x00000000a0000000,0x00000000a5fa4390,0x00000000a6000000)
 Metaspace       used 88093K, capacity 91514K, committed 92376K, reserved 1130496K
  class space    used 11335K, capacity 11985K, committed 12248K, reserved 1048576K
}
Event: 195.257 GC heap before
{Heap before GC invocations=29 (full 5):
 PSYoungGen      total 190464K, used 156629K [0x00000000e0000000, 0x00000000ef100000, 0x0000000100000000)
  eden space 155136K, 100% used [0x00000000e0000000,0x00000000e9780000,0x00000000e9780000)
  from space 35328K, 4% used [0x00000000ece80000,0x00000000ecff5660,0x00000000ef100000)
  to   space 35840K, 0% used [0x00000000e9780000,0x00000000e9780000,0x00000000eba80000)
 ParOldGen       total 98304K, used 97936K [0x00000000a0000000, 0x00000000a6000000, 0x00000000e0000000)
  object space 98304K, 99% used [0x00000000a0000000,0x00000000a5fa4390,0x00000000a6000000)
 Metaspace       used 88137K, capacity 91524K, committed 92376K, reserved 1130496K
  class space    used 11336K, capacity 11986K, committed 12248K, reserved 1048576K
Event: 196.516 GC heap after
Heap after GC invocations=29 (full 5):
 PSYoungGen      total 190464K, used 27545K [0x00000000e0000000, 0x00000000ef100000, 0x0000000100000000)
  eden space 155136K, 17% used [0x00000000e0000000,0x00000000e1ae6698,0x00000000e9780000)
  from space 35328K, 0% used [0x00000000ece80000,0x00000000ece80000,0x00000000ef100000)
  to   space 35840K, 0% used [0x00000000e9780000,0x00000000e9780000,0x00000000eba80000)
 ParOldGen       total 98304K, used 98169K [0x00000000a0000000, 0x00000000a6000000, 0x00000000e0000000)
  object space 98304K, 99% used [0x00000000a0000000,0x00000000a5fde410,0x00000000a6000000)
 Metaspace       used 88137K, capacity 91524K, committed 92376K, reserved 1130496K
  class space    used 11336K, capacity 11986K, committed 12248K, reserved 1048576K
}
Event: 202.009 GC heap before
{Heap before GC invocations=30 (full 6):
 PSYoungGen      total 190464K, used 154570K [0x00000000e0000000, 0x00000000ef100000, 0x0000000100000000)
  eden space 155136K, 99% used [0x00000000e0000000,0x00000000e96f2b50,0x00000000e9780000)
  from space 35328K, 0% used [0x00000000ece80000,0x00000000ece80000,0x00000000ef100000)
  to   space 35840K, 0% used [0x00000000e9780000,0x00000000e9780000,0x00000000eba80000)
 ParOldGen       total 98304K, used 98169K [0x00000000a0000000, 0x00000000a6000000, 0x00000000e0000000)
  object space 98304K, 99% used [0x00000000a0000000,0x00000000a5fde410,0x00000000a6000000)
 Metaspace       used 88819K, capacity 92300K, committed 92888K, reserved 1130496K
  class space    used 11431K, capacity 12096K, committed 12248K, reserved 1048576K
Event: 202.396 GC heap after
Heap after GC invocations=30 (full 6):
 PSYoungGen      total 190464K, used 0K [0x00000000e0000000, 0x00000000ef100000, 0x0000000100000000)
  eden space 155136K, 0% used [0x00000000e0000000,0x00000000e0000000,0x00000000e9780000)
  from space 35328K, 0% used [0x00000000ece80000,0x00000000ece80000,0x00000000ef100000)
  to   space 35840K, 0% used [0x00000000e9780000,0x00000000e9780000,0x00000000eba80000)
 ParOldGen       total 98304K, used 67746K [0x00000000a0000000, 0x00000000a6000000, 0x00000000e0000000)
  object space 98304K, 68% used [0x00000000a0000000,0x00000000a4228b78,0x00000000a6000000)
 Metaspace       used 88819K, capacity 92300K, committed 92888K, reserved 1130496K
  class space    used 11431K, capacity 12096K, committed 12248K, reserved 1048576K
}
Event: 451.675 GC heap before
{Heap before GC invocations=31 (full 6):
 PSYoungGen      total 190464K, used 155136K [0x00000000e0000000, 0x00000000ef100000, 0x0000000100000000)
  eden space 155136K, 100% used [0x00000000e0000000,0x00000000e9780000,0x00000000e9780000)
  from space 35328K, 0% used [0x00000000ece80000,0x00000000ece80000,0x00000000ef100000)
  to   space 35840K, 0% used [0x00000000e9780000,0x00000000e9780000,0x00000000eba80000)
 ParOldGen       total 98304K, used 67746K [0x00000000a0000000, 0x00000000a6000000, 0x00000000e0000000)
  object space 98304K, 68% used [0x00000000a0000000,0x00000000a4228b78,0x00000000a6000000)
 Metaspace       used 91537K, capacity 95340K, committed 95576K, reserved 1132544K
  class space    used 11829K, capacity 12550K, committed 12632K, reserved 1048576K
Event: 452.648 GC heap after
Heap after GC invocations=31 (full 6):
 PSYoungGen      total 190976K, used 24029K [0x00000000e0000000, 0x00000000efa80000, 0x0000000100000000)
  eden space 155136K, 0% used [0x00000000e0000000,0x00000000e0000000,0x00000000e9780000)
  from space 35840K, 67% used [0x00000000e9780000,0x00000000eaef75b8,0x00000000eba80000)
  to   space 47616K, 0% used [0x00000000ecc00000,0x00000000ecc00000,0x00000000efa80000)
 ParOldGen       total 98304K, used 67754K [0x00000000a0000000, 0x00000000a6000000, 0x00000000e0000000)
  object space 98304K, 68% used [0x00000000a0000000,0x00000000a422ab78,0x00000000a6000000)
 Metaspace       used 91537K, capacity 95340K, committed 95576K, reserved 1132544K
  class space    used 11829K, capacity 12550K, committed 12632K, reserved 1048576K
}

